Determining if the pthread_create exist failed with the following output:
Change Dir: /home/sunmiao/work/code/slam/tutorial/pairwise_incremental_registration/cmake-build-debug/CMakeFiles/CMakeTmp

Run Build Command:"/usr/bin/make" "cmTC_bbc2c/fast"
/usr/bin/make -f CMakeFiles/cmTC_bbc2c.dir/build.make CMakeFiles/cmTC_bbc2c.dir/build
make[1]: Entering directory '/home/sunmiao/work/code/slam/tutorial/pairwise_incremental_registration/cmake-build-debug/CMakeFiles/CMakeTmp'
Building C object CMakeFiles/cmTC_bbc2c.dir/CheckSymbolExists.c.o
/usr/bin/cc    -o CMakeFiles/cmTC_bbc2c.dir/CheckSymbolExists.c.o   -c /home/sunmiao/work/code/slam/tutorial/pairwise_incremental_registration/cmake-build-debug/CMakeFiles/CMakeTmp/CheckSymbolExists.c
Linking C executable cmTC_bbc2c
/home/sunmiao/software/clion-2018.2.6/bin/cmake/linux/bin/cmake -E cmake_link_script CMakeFiles/cmTC_bbc2c.dir/link.txt --verbose=1
/usr/bin/cc      -rdynamic CMakeFiles/cmTC_bbc2c.dir/CheckSymbolExists.c.o  -o cmTC_bbc2c 
CMakeFiles/cmTC_bbc2c.dir/CheckSymbolExists.c.o：在函数‘main’中：
CheckSymbolExists.c:(.text+0x16)：对‘pthread_create’未定义的引用
collect2: error: ld returned 1 exit status
CMakeFiles/cmTC_bbc2c.dir/build.make:86: recipe for target 'cmTC_bbc2c' failed
make[1]: *** [cmTC_bbc2c] Error 1
make[1]: Leaving directory '/home/sunmiao/work/code/slam/tutorial/pairwise_incremental_registration/cmake-build-debug/CMakeFiles/CMakeTmp'
Makefile:121: recipe for target 'cmTC_bbc2c/fast' failed
make: *** [cmTC_bbc2c/fast] Error 2

File /home/sunmiao/work/code/slam/tutorial/pairwise_incremental_registration/cmake-build-debug/CMakeFiles/CMakeTmp/CheckSymbolExists.c:
/* */
#include <pthread.h>

int main(int argc, char** argv)
{
  (void)argv;
#ifndef pthread_create
  return ((int*)(&pthread_create))[argc];
#else
  (void)argc;
  return 0;
#endif
}

Determining if the function pthread_create exists in the pthreads failed with the following output:
Change Dir: /home/sunmiao/work/code/slam/tutorial/pairwise_incremental_registration/cmake-build-debug/CMakeFiles/CMakeTmp

Run Build Command:"/usr/bin/make" "cmTC_9d422/fast"
/usr/bin/make -f CMakeFiles/cmTC_9d422.dir/build.make CMakeFiles/cmTC_9d422.dir/build
make[1]: Entering directory '/home/sunmiao/work/code/slam/tutorial/pairwise_incremental_registration/cmake-build-debug/CMakeFiles/CMakeTmp'
Building C object CMakeFiles/cmTC_9d422.dir/CheckFunctionExists.c.o
/usr/bin/cc   -DCHECK_FUNCTION_EXISTS=pthread_create   -o CMakeFiles/cmTC_9d422.dir/CheckFunctionExists.c.o   -c /home/sunmiao/software/clion-2018.2.6/bin/cmake/linux/share/cmake-3.12/Modules/CheckFunctionExists.c
Linking C executable cmTC_9d422
/home/sunmiao/software/clion-2018.2.6/bin/cmake/linux/bin/cmake -E cmake_link_script CMakeFiles/cmTC_9d422.dir/link.txt --verbose=1
/usr/bin/cc  -DCHECK_FUNCTION_EXISTS=pthread_create    -rdynamic CMakeFiles/cmTC_9d422.dir/CheckFunctionExists.c.o  -o cmTC_9d422 -lpthreads 
/usr/bin/ld: 找不到 -lpthreads
collect2: error: ld returned 1 exit status
CMakeFiles/cmTC_9d422.dir/build.make:86: recipe for target 'cmTC_9d422' failed
make[1]: *** [cmTC_9d422] Error 1
make[1]: Leaving directory '/home/sunmiao/work/code/slam/tutorial/pairwise_incremental_registration/cmake-build-debug/CMakeFiles/CMakeTmp'
Makefile:121: recipe for target 'cmTC_9d422/fast' failed
make: *** [cmTC_9d422/fast] Error 2


